<?xml version="1.0" encoding="UTF-8"?>
<testng-results skipped="0" failed="0" ignored="0" total="1" passed="1">
  <reporter-output>
  </reporter-output>
  <suite name="Default suite" duration-ms="1672" started-at="2021-06-01T07:47:10Z" finished-at="2021-06-01T07:47:12Z">
    <groups>
    </groups>
    <test name="Default test" duration-ms="1672" started-at="2021-06-01T07:47:10Z" finished-at="2021-06-01T07:47:12Z">
      <class name="IBM.RestAssured_Assignment3.Testcase2">
        <test-method status="PASS" signature="soap()[pri:0, instance:IBM.RestAssured_Assignment3.Testcase2@56528192]" name="soap" duration-ms="1651" started-at="2021-06-01T07:47:10Z" finished-at="2021-06-01T07:47:12Z">
          <reporter-output>
          </reporter-output>
        </test-method> <!-- soap -->
      </class> <!-- IBM.RestAssured_Assignment3.Testcase2 -->
    </test> <!-- Default test -->
  </suite> <!-- Default suite -->
</testng-results>
